"Start of log file."
"Z:/Users/Kyle/WORKSP~1/Unity/TEAM-W~1/WAI`OP~1/Assets/models/FISH_S~1.MAX"
"Starting max loading and fbx conversion"
window = undefined
"Settings units"
"Before fbx export"
"After fbx export"
"Finished max loading and fbx conversion"
"Z:/Users/Kyle/WORKSP~1/Unity/TEAM-W~1/WAI`OP~1/Assets/models/GAME_E~1.MAX"
"Starting max loading and fbx conversion"
window = undefined
"Settings units"
"Before fbx export"
"After fbx export"
"Finished max loading and fbx conversion"
"Z:/Users/Kyle/WORKSP~1/Unity/TEAM-W~1/WAI`OP~1/Assets/models/FISH_S~1.MAX"
"Starting max loading and fbx conversion"
window = undefined
"Settings units"
"Before fbx export"
"After fbx export"
"Finished max loading and fbx conversion"
"Z:/Users/Kyle/WORKSP~1/Unity/TEAM-W~1/WAI`OP~1/Assets/models/GAME_E~1.MAX"
"Starting max loading and fbx conversion"
window = undefined
"Settings units"
"Before fbx export"
"After fbx export"
"Finished max loading and fbx conversion"
